<?xml version="1.0" encoding="UTF-8"?>
<!-- Generated by org.testng.reporters.JUnitXMLReporter -->
<testsuite ignored="0" hostname="DESKTOP-5938I2N" failures="0" tests="3" name="Default test" time="0.082" errors="0" timestamp="2024-09-24T21:35:37 IST">
  <testcase classname="base.Base" name="@BeforeMethod driverSetUp" time="-1.727193937724E9">
    <failure type="org.testng.TestNGException" message="
Parameter &amp;apos;x&amp;apos; is required by BeforeMethod on method driverSetUp but has not been marked @Optional or defined
in C:\Users\RenukaV\AppData\Local\Temp\testng-eclipse-1377934355\testng-customsuite.xml">
      <![CDATA[org.testng.TestNGException: 
Parameter 'x' is required by BeforeMethod on method driverSetUp but has not been marked @Optional or defined
in C:\Users\RenukaV\AppData\Local\Temp\testng-eclipse-1377934355\testng-customsuite.xml
at org.testng.internal.Parameters.createParams(Parameters.java:270)
at org.testng.internal.Parameters.createParametersForMethod(Parameters.java:358)
at org.testng.internal.Parameters.createParameters(Parameters.java:700)
at org.testng.internal.Parameters.createConfigurationParameters(Parameters.java:168)
at org.testng.internal.ConfigInvoker.invokeConfigurations(ConfigInvoker.java:302)
at org.testng.internal.TestInvoker.runConfigMethods(TestInvoker.java:700)
at org.testng.internal.TestInvoker.invokeMethod(TestInvoker.java:527)
at org.testng.internal.TestInvoker.invokeTestMethod(TestInvoker.java:173)
at org.testng.internal.MethodRunner.runInSequence(MethodRunner.java:46)
at org.testng.internal.TestInvoker$MethodInvocationAgent.invoke(TestInvoker.java:824)
at org.testng.internal.TestInvoker.invokeTestMethods(TestInvoker.java:146)
at org.testng.internal.TestMethodWorker.invokeTestMethods(TestMethodWorker.java:146)
at org.testng.internal.TestMethodWorker.run(TestMethodWorker.java:128)
at java.base/java.util.ArrayList.forEach(ArrayList.java:1596)
at org.testng.TestRunner.privateRun(TestRunner.java:794)
at org.testng.TestRunner.run(TestRunner.java:596)
at org.testng.SuiteRunner.runTest(SuiteRunner.java:377)
at org.testng.SuiteRunner.runSequentially(SuiteRunner.java:371)
at org.testng.SuiteRunner.privateRun(SuiteRunner.java:332)
at org.testng.SuiteRunner.run(SuiteRunner.java:276)
at org.testng.SuiteRunnerWorker.runSuite(SuiteRunnerWorker.java:53)
at org.testng.SuiteRunnerWorker.run(SuiteRunnerWorker.java:96)
at org.testng.TestNG.runSuitesSequentially(TestNG.java:1212)
at org.testng.TestNG.runSuitesLocally(TestNG.java:1134)
at org.testng.TestNG.runSuites(TestNG.java:1063)
at org.testng.TestNG.run(TestNG.java:1031)
at org.testng.remote.AbstractRemoteTestNG.run(AbstractRemoteTestNG.java:115)
at org.testng.remote.RemoteTestNG.initAndRun(RemoteTestNG.java:293)
at org.testng.remote.RemoteTestNG.main(RemoteTestNG.java:91)
]]>
    </failure>
  </testcase> <!-- @BeforeMethod driverSetUp -->
  <testcase classname="practo.Practotest" name="@BeforeMethod setUp" time="-1.727193937741E9">
    <skipped/>
  </testcase> <!-- @BeforeMethod setUp -->
  <testcase classname="practo.Practotest" name="@AfterMethod closeDriver" time="-1.727193937748E9">
    <skipped/>
  </testcase> <!-- @AfterMethod closeDriver -->
  <testcase classname="base.Base" name="@BeforeMethod driverSetUp" time="-1.727193937753E9">
    <skipped/>
  </testcase> <!-- @BeforeMethod driverSetUp -->
  <testcase classname="practo.Practotest" name="@BeforeMethod setUp" time="-1.727193937754E9">
    <skipped/>
  </testcase> <!-- @BeforeMethod setUp -->
  <testcase classname="practo.Practotest" name="@AfterMethod closeDriver" time="-1.72719393776E9">
    <skipped/>
  </testcase> <!-- @AfterMethod closeDriver -->
  <testcase classname="base.Base" name="@BeforeMethod driverSetUp" time="-1.727193937762E9">
    <skipped/>
  </testcase> <!-- @BeforeMethod driverSetUp -->
  <testcase classname="practo.Practotest" name="@BeforeMethod setUp" time="-1.727193937764E9">
    <skipped/>
  </testcase> <!-- @BeforeMethod setUp -->
  <testcase classname="practo.Practotest" name="@AfterMethod closeDriver" time="-1.727193937769E9">
    <skipped/>
  </testcase> <!-- @AfterMethod closeDriver -->
  <testcase classname="practo.Practotest" name="homepage" time="0.0">
    <skipped/>
  </testcase> <!-- homepage -->
  <testcase classname="practo.Practotest" name="appointment" time="0.0">
    <skipped/>
  </testcase> <!-- appointment -->
  <testcase classname="practo.Practotest" name="fee" time="0.0">
    <skipped/>
  </testcase> <!-- fee -->
</testsuite> <!-- Default test -->
